2024-12-04 18:43:01,628 CRIT Supervisor is running as root.  Privileges were not dropped because no user is specified in the config file.  If you intend to run as root, you can set user=root in the config file to avoid this message.
2024-12-04 18:43:01,636 INFO supervisord started with pid 1
2024-12-04 18:43:02,638 INFO spawned: 'nginx' with pid 9
2024-12-04 18:43:02,640 INFO spawned: 'php-fpm' with pid 10
2024-12-04 18:43:03,674 INFO success: nginx entered RUNNING state, process has stayed up for > than 1 seconds (startsecs)
2024-12-04 18:43:03,674 INFO success: php-fpm entered RUNNING state, process has stayed up for > than 1 seconds (startsecs)
2024-12-04 18:44:48,932 WARN received SIGQUIT indicating exit request
2024-12-04 18:44:48,932 INFO waiting for nginx, php-fpm to die
2024-12-04 18:44:48,937 INFO stopped: php-fpm (exit status 0)
2024-12-04 18:44:48,943 INFO stopped: nginx (exit status 0)
2024-12-04 19:18:42,843 CRIT Supervisor is running as root.  Privileges were not dropped because no user is specified in the config file.  If you intend to run as root, you can set user=root in the config file to avoid this message.
2024-12-04 19:18:42,855 INFO supervisord started with pid 1
2024-12-04 19:18:43,857 INFO spawned: 'nginx' with pid 9
2024-12-04 19:18:43,859 INFO spawned: 'php-fpm' with pid 10
2024-12-04 19:18:44,944 INFO success: nginx entered RUNNING state, process has stayed up for > than 1 seconds (startsecs)
2024-12-04 19:18:44,944 INFO success: php-fpm entered RUNNING state, process has stayed up for > than 1 seconds (startsecs)
2024-12-04 19:23:33,693 WARN received SIGQUIT indicating exit request
2024-12-04 19:23:33,693 INFO waiting for nginx, php-fpm to die
2024-12-04 19:23:33,700 INFO stopped: php-fpm (exit status 0)
2024-12-04 19:23:33,710 INFO stopped: nginx (exit status 0)
2024-12-04 19:27:44,096 CRIT Supervisor is running as root.  Privileges were not dropped because no user is specified in the config file.  If you intend to run as root, you can set user=root in the config file to avoid this message.
2024-12-04 19:27:44,101 INFO supervisord started with pid 1
2024-12-04 19:27:45,103 INFO spawned: 'nginx' with pid 9
2024-12-04 19:27:45,104 INFO spawned: 'php-fpm' with pid 10
2024-12-04 19:27:46,138 INFO success: nginx entered RUNNING state, process has stayed up for > than 1 seconds (startsecs)
2024-12-04 19:27:46,138 INFO success: php-fpm entered RUNNING state, process has stayed up for > than 1 seconds (startsecs)
2024-12-04 19:31:07,315 WARN received SIGQUIT indicating exit request
2024-12-04 19:31:07,315 INFO waiting for nginx, php-fpm to die
2024-12-04 19:31:07,321 INFO stopped: php-fpm (exit status 0)
2024-12-04 19:31:07,326 INFO stopped: nginx (exit status 0)
